<?xml version="1.0" encoding="UTF-8"?>
<!-- Generated by org.testng.reporters.JUnitXMLReporter -->
<testsuite ignored="0" hostname="LAPTOP-T931C74M" failures="0" tests="3" name="it" time="61.966" errors="0" timestamp="2022-10-15T13:44:24 EDT">
  <testcase classname="TestNg.NewTestSession" name="f" time="12.402"/>
  <testcase classname="TestNg.Amazon_PagesTest" name="SearchFiledVerification" time="8.625"/>
  <testcase classname="TestNg.Amazon_PagesTest" name="f" time="8.211"/>
</testsuite> <!-- it -->
